2021-06-30 17:16:59 error: uncaughtException: OAuth2Strategy requires a clientID option
TypeError: OAuth2Strategy requires a clientID option
    at Strategy.OAuth2Strategy (C:\Users\Sudo\Desktop\Urgent\Melo-backend\node_modules\passport-oauth2\lib\strategy.js:86:34)
    at new Strategy (C:\Users\Sudo\Desktop\Urgent\Melo-backend\node_modules\passport-google-oauth20\lib\strategy.js:52:18)
    at _default (C:\Users\Sudo\Desktop\Urgent\Melo-backend\src\configs\/passport.js:9:5)
    at Object.<anonymous> (C:\Users\Sudo\Desktop\Urgent\Melo-backend\src\/index.js:14:1)
    at Module._compile (internal/modules/cjs/loader.js:955:30)
    at Module._compile (C:\Users\Sudo\Desktop\Urgent\Melo-backend\node_modules\pirates\lib\index.js:99:24)
    at Module._extensions..js (internal/modules/cjs/loader.js:991:10)
    at Object.newLoader [as .js] (C:\Users\Sudo\Desktop\Urgent\Melo-backend\node_modules\pirates\lib\index.js:104:7)
    at Module.load (internal/modules/cjs/loader.js:811:32)
    at Function.Module._load (internal/modules/cjs/loader.js:723:14)
2021-06-30 17:16:59 error: uncaughtException: OAuth2Strategy requires a clientID option
TypeError: OAuth2Strategy requires a clientID option
    at Strategy.OAuth2Strategy (C:\Users\Sudo\Desktop\Urgent\Melo-backend\node_modules\passport-oauth2\lib\strategy.js:86:34)
    at new Strategy (C:\Users\Sudo\Desktop\Urgent\Melo-backend\node_modules\passport-google-oauth20\lib\strategy.js:52:18)
    at _default (C:\Users\Sudo\Desktop\Urgent\Melo-backend\src\configs\/passport.js:9:5)
    at Object.<anonymous> (C:\Users\Sudo\Desktop\Urgent\Melo-backend\src\/index.js:14:1)
    at Module._compile (internal/modules/cjs/loader.js:955:30)
    at Module._compile (C:\Users\Sudo\Desktop\Urgent\Melo-backend\node_modules\pirates\lib\index.js:99:24)
    at Module._extensions..js (internal/modules/cjs/loader.js:991:10)
    at Object.newLoader [as .js] (C:\Users\Sudo\Desktop\Urgent\Melo-backend\node_modules\pirates\lib\index.js:104:7)
    at Module.load (internal/modules/cjs/loader.js:811:32)
    at Function.Module._load (internal/modules/cjs/loader.js:723:14)
2021-06-30 20:58:14 error: uncaughtException: OAuth2Strategy requires a clientID option
TypeError: OAuth2Strategy requires a clientID option
    at Strategy.OAuth2Strategy (/home/bruno/Desktop/Project/Melo-backend/node_modules/passport-oauth2/lib/strategy.js:86:34)
    at new Strategy (/home/bruno/Desktop/Project/Melo-backend/node_modules/passport-google-oauth20/lib/strategy.js:52:18)
    at _default (/home/bruno/Desktop/Project/Melo-backend/src/configs/passport.js:9:5)
    at Object.<anonymous> (/home/bruno/Desktop/Project/Melo-backend/src/index.js:14:1)
    at Module._compile (internal/modules/cjs/loader.js:1085:14)
    at Module._compile (/home/bruno/Desktop/Project/Melo-backend/node_modules/pirates/lib/index.js:99:24)
    at Module._extensions..js (internal/modules/cjs/loader.js:1114:10)
    at Object.newLoader [as .js] (/home/bruno/Desktop/Project/Melo-backend/node_modules/pirates/lib/index.js:104:7)
    at Module.load (internal/modules/cjs/loader.js:950:32)
    at Function.Module._load (internal/modules/cjs/loader.js:790:14)
2021-06-30 20:58:14 error: uncaughtException: OAuth2Strategy requires a clientID option
TypeError: OAuth2Strategy requires a clientID option
    at Strategy.OAuth2Strategy (/home/bruno/Desktop/Project/Melo-backend/node_modules/passport-oauth2/lib/strategy.js:86:34)
    at new Strategy (/home/bruno/Desktop/Project/Melo-backend/node_modules/passport-google-oauth20/lib/strategy.js:52:18)
    at _default (/home/bruno/Desktop/Project/Melo-backend/src/configs/passport.js:9:5)
    at Object.<anonymous> (/home/bruno/Desktop/Project/Melo-backend/src/index.js:14:1)
    at Module._compile (internal/modules/cjs/loader.js:1085:14)
    at Module._compile (/home/bruno/Desktop/Project/Melo-backend/node_modules/pirates/lib/index.js:99:24)
    at Module._extensions..js (internal/modules/cjs/loader.js:1114:10)
    at Object.newLoader [as .js] (/home/bruno/Desktop/Project/Melo-backend/node_modules/pirates/lib/index.js:104:7)
    at Module.load (internal/modules/cjs/loader.js:950:32)
    at Function.Module._load (internal/modules/cjs/loader.js:790:14)
2021-06-30 20:58:48 error: uncaughtException: OAuth2Strategy requires a clientID option
TypeError: OAuth2Strategy requires a clientID option
    at Strategy.OAuth2Strategy (/home/bruno/Desktop/Project/Melo-backend/node_modules/passport-oauth2/lib/strategy.js:86:34)
    at new Strategy (/home/bruno/Desktop/Project/Melo-backend/node_modules/passport-google-oauth20/lib/strategy.js:52:18)
    at _default (/home/bruno/Desktop/Project/Melo-backend/src/configs/passport.js:9:5)
    at Object.<anonymous> (/home/bruno/Desktop/Project/Melo-backend/src/index.js:14:1)
    at Module._compile (internal/modules/cjs/loader.js:1085:14)
    at Module._compile (/home/bruno/Desktop/Project/Melo-backend/node_modules/pirates/lib/index.js:99:24)
    at Module._extensions..js (internal/modules/cjs/loader.js:1114:10)
    at Object.newLoader [as .js] (/home/bruno/Desktop/Project/Melo-backend/node_modules/pirates/lib/index.js:104:7)
    at Module.load (internal/modules/cjs/loader.js:950:32)
    at Function.Module._load (internal/modules/cjs/loader.js:790:14)
2021-06-30 20:58:48 error: uncaughtException: OAuth2Strategy requires a clientID option
TypeError: OAuth2Strategy requires a clientID option
    at Strategy.OAuth2Strategy (/home/bruno/Desktop/Project/Melo-backend/node_modules/passport-oauth2/lib/strategy.js:86:34)
    at new Strategy (/home/bruno/Desktop/Project/Melo-backend/node_modules/passport-google-oauth20/lib/strategy.js:52:18)
    at _default (/home/bruno/Desktop/Project/Melo-backend/src/configs/passport.js:9:5)
    at Object.<anonymous> (/home/bruno/Desktop/Project/Melo-backend/src/index.js:14:1)
    at Module._compile (internal/modules/cjs/loader.js:1085:14)
    at Module._compile (/home/bruno/Desktop/Project/Melo-backend/node_modules/pirates/lib/index.js:99:24)
    at Module._extensions..js (internal/modules/cjs/loader.js:1114:10)
    at Object.newLoader [as .js] (/home/bruno/Desktop/Project/Melo-backend/node_modules/pirates/lib/index.js:104:7)
    at Module.load (internal/modules/cjs/loader.js:950:32)
    at Function.Module._load (internal/modules/cjs/loader.js:790:14)
2021-07-01 10:59:13 error: unhandledRejection: Cannot set headers after they are sent to the client
Error [ERR_HTTP_HEADERS_SENT]: Cannot set headers after they are sent to the client
    at ServerResponse.setHeader (_http_outgoing.js:561:11)
    at ServerResponse.header (/home/bruno/Desktop/Project/Melo-backend/node_modules/express/lib/response.js:771:10)
    at ServerResponse.send (/home/bruno/Desktop/Project/Melo-backend/node_modules/express/lib/response.js:170:12)
    at ServerResponse.json (/home/bruno/Desktop/Project/Melo-backend/node_modules/express/lib/response.js:267:15)
    at errorResponse (/home/bruno/Desktop/Project/Melo-backend/src/helpers/errorResponse.js:2:22)
    at _callee$ (/home/bruno/Desktop/Project/Melo-backend/src/middlewares/checkToken.js:22:12)
    at tryCatch (/home/bruno/Desktop/Project/Melo-backend/node_modules/regenerator-runtime/runtime.js:63:40)
    at Generator.invoke [as _invoke] (/home/bruno/Desktop/Project/Melo-backend/node_modules/regenerator-runtime/runtime.js:293:22)
    at Generator.next (/home/bruno/Desktop/Project/Melo-backend/node_modules/regenerator-runtime/runtime.js:118:21)
    at asyncGeneratorStep (/home/bruno/Desktop/Project/Melo-backend/src/middlewares/checkToken.js:16:103)
2021-07-01 10:59:13 error: unhandledRejection: Cannot set headers after they are sent to the client
Error [ERR_HTTP_HEADERS_SENT]: Cannot set headers after they are sent to the client
    at ServerResponse.setHeader (_http_outgoing.js:561:11)
    at ServerResponse.header (/home/bruno/Desktop/Project/Melo-backend/node_modules/express/lib/response.js:771:10)
    at ServerResponse.send (/home/bruno/Desktop/Project/Melo-backend/node_modules/express/lib/response.js:170:12)
    at ServerResponse.json (/home/bruno/Desktop/Project/Melo-backend/node_modules/express/lib/response.js:267:15)
    at errorResponse (/home/bruno/Desktop/Project/Melo-backend/src/helpers/errorResponse.js:2:22)
    at _callee$ (/home/bruno/Desktop/Project/Melo-backend/src/middlewares/checkToken.js:22:12)
    at tryCatch (/home/bruno/Desktop/Project/Melo-backend/node_modules/regenerator-runtime/runtime.js:63:40)
    at Generator.invoke [as _invoke] (/home/bruno/Desktop/Project/Melo-backend/node_modules/regenerator-runtime/runtime.js:293:22)
    at Generator.next (/home/bruno/Desktop/Project/Melo-backend/node_modules/regenerator-runtime/runtime.js:118:21)
    at asyncGeneratorStep (/home/bruno/Desktop/Project/Melo-backend/src/middlewares/checkToken.js:16:103)
2021-07-13 09:50:49 error: uncaughtException: listen EADDRINUSE: address already in use :::4001
Error: listen EADDRINUSE: address already in use :::4001
    at Server.setupListenHandle [as _listen2] (net.js:1320:16)
    at listenInCluster (net.js:1368:12)
    at Server.listen (net.js:1454:7)
    at Function.listen (/home/bruno/Desktop/Portfilio/backend/node_modules/express/lib/application.js:618:24)
    at Object.<anonymous> (/home/bruno/Desktop/Portfilio/backend/src/index.js:23:5)
    at Module._compile (internal/modules/cjs/loader.js:1085:14)
    at Module._compile (/home/bruno/Desktop/Portfilio/backend/node_modules/pirates/lib/index.js:99:24)
    at Module._extensions..js (internal/modules/cjs/loader.js:1114:10)
    at Object.newLoader [as .js] (/home/bruno/Desktop/Portfilio/backend/node_modules/pirates/lib/index.js:104:7)
    at Module.load (internal/modules/cjs/loader.js:950:32)
2021-07-13 09:50:49 error: uncaughtException: listen EADDRINUSE: address already in use :::4001
Error: listen EADDRINUSE: address already in use :::4001
    at Server.setupListenHandle [as _listen2] (net.js:1320:16)
    at listenInCluster (net.js:1368:12)
    at Server.listen (net.js:1454:7)
    at Function.listen (/home/bruno/Desktop/Portfilio/backend/node_modules/express/lib/application.js:618:24)
    at Object.<anonymous> (/home/bruno/Desktop/Portfilio/backend/src/index.js:23:5)
    at Module._compile (internal/modules/cjs/loader.js:1085:14)
    at Module._compile (/home/bruno/Desktop/Portfilio/backend/node_modules/pirates/lib/index.js:99:24)
    at Module._extensions..js (internal/modules/cjs/loader.js:1114:10)
    at Object.newLoader [as .js] (/home/bruno/Desktop/Portfilio/backend/node_modules/pirates/lib/index.js:104:7)
    at Module.load (internal/modules/cjs/loader.js:950:32)
2021-07-13 11:53:54 error: uncaughtException: listen EADDRINUSE: address already in use :::4001
Error: listen EADDRINUSE: address already in use :::4001
    at Server.setupListenHandle [as _listen2] (net.js:1320:16)
    at listenInCluster (net.js:1368:12)
    at Server.listen (net.js:1454:7)
    at Function.listen (/home/bruno/Desktop/Portfilio/backend/node_modules/express/lib/application.js:618:24)
    at Object.<anonymous> (/home/bruno/Desktop/Portfilio/backend/src/index.js:23:5)
    at Module._compile (internal/modules/cjs/loader.js:1085:14)
    at Module._compile (/home/bruno/Desktop/Portfilio/backend/node_modules/pirates/lib/index.js:99:24)
    at Module._extensions..js (internal/modules/cjs/loader.js:1114:10)
    at Object.newLoader [as .js] (/home/bruno/Desktop/Portfilio/backend/node_modules/pirates/lib/index.js:104:7)
    at Module.load (internal/modules/cjs/loader.js:950:32)
2021-07-13 11:53:54 error: uncaughtException: listen EADDRINUSE: address already in use :::4001
Error: listen EADDRINUSE: address already in use :::4001
    at Server.setupListenHandle [as _listen2] (net.js:1320:16)
    at listenInCluster (net.js:1368:12)
    at Server.listen (net.js:1454:7)
    at Function.listen (/home/bruno/Desktop/Portfilio/backend/node_modules/express/lib/application.js:618:24)
    at Object.<anonymous> (/home/bruno/Desktop/Portfilio/backend/src/index.js:23:5)
    at Module._compile (internal/modules/cjs/loader.js:1085:14)
    at Module._compile (/home/bruno/Desktop/Portfilio/backend/node_modules/pirates/lib/index.js:99:24)
    at Module._extensions..js (internal/modules/cjs/loader.js:1114:10)
    at Object.newLoader [as .js] (/home/bruno/Desktop/Portfilio/backend/node_modules/pirates/lib/index.js:104:7)
    at Module.load (internal/modules/cjs/loader.js:950:32)
2021-07-13 11:56:47 error: uncaughtException: listen EADDRINUSE: address already in use :::8000
Error: listen EADDRINUSE: address already in use :::8000
    at Server.setupListenHandle [as _listen2] (net.js:1320:16)
    at listenInCluster (net.js:1368:12)
    at Server.listen (net.js:1454:7)
    at Function.listen (/home/bruno/Desktop/Portfilio/backend/node_modules/express/lib/application.js:618:24)
    at Object.<anonymous> (/home/bruno/Desktop/Portfilio/backend/src/index.js:23:5)
    at Module._compile (internal/modules/cjs/loader.js:1085:14)
    at Module._compile (/home/bruno/Desktop/Portfilio/backend/node_modules/pirates/lib/index.js:99:24)
    at Module._extensions..js (internal/modules/cjs/loader.js:1114:10)
    at Object.newLoader [as .js] (/home/bruno/Desktop/Portfilio/backend/node_modules/pirates/lib/index.js:104:7)
    at Module.load (internal/modules/cjs/loader.js:950:32)
2021-07-13 11:56:47 error: uncaughtException: listen EADDRINUSE: address already in use :::8000
Error: listen EADDRINUSE: address already in use :::8000
    at Server.setupListenHandle [as _listen2] (net.js:1320:16)
    at listenInCluster (net.js:1368:12)
    at Server.listen (net.js:1454:7)
    at Function.listen (/home/bruno/Desktop/Portfilio/backend/node_modules/express/lib/application.js:618:24)
    at Object.<anonymous> (/home/bruno/Desktop/Portfilio/backend/src/index.js:23:5)
    at Module._compile (internal/modules/cjs/loader.js:1085:14)
    at Module._compile (/home/bruno/Desktop/Portfilio/backend/node_modules/pirates/lib/index.js:99:24)
    at Module._extensions..js (internal/modules/cjs/loader.js:1114:10)
    at Object.newLoader [as .js] (/home/bruno/Desktop/Portfilio/backend/node_modules/pirates/lib/index.js:104:7)
    at Module.load (internal/modules/cjs/loader.js:950:32)
2021-07-13 11:57:26 error: uncaughtException: listen EADDRINUSE: address already in use :::8000
Error: listen EADDRINUSE: address already in use :::8000
    at Server.setupListenHandle [as _listen2] (net.js:1320:16)
    at listenInCluster (net.js:1368:12)
    at Server.listen (net.js:1454:7)
    at Function.listen (/home/bruno/Desktop/Portfilio/backend/node_modules/express/lib/application.js:618:24)
    at Object.<anonymous> (/home/bruno/Desktop/Portfilio/backend/src/index.js:23:5)
    at Module._compile (internal/modules/cjs/loader.js:1085:14)
    at Module._compile (/home/bruno/Desktop/Portfilio/backend/node_modules/pirates/lib/index.js:99:24)
    at Module._extensions..js (internal/modules/cjs/loader.js:1114:10)
    at Object.newLoader [as .js] (/home/bruno/Desktop/Portfilio/backend/node_modules/pirates/lib/index.js:104:7)
    at Module.load (internal/modules/cjs/loader.js:950:32)
2021-07-13 11:57:26 error: uncaughtException: listen EADDRINUSE: address already in use :::8000
Error: listen EADDRINUSE: address already in use :::8000
    at Server.setupListenHandle [as _listen2] (net.js:1320:16)
    at listenInCluster (net.js:1368:12)
    at Server.listen (net.js:1454:7)
    at Function.listen (/home/bruno/Desktop/Portfilio/backend/node_modules/express/lib/application.js:618:24)
    at Object.<anonymous> (/home/bruno/Desktop/Portfilio/backend/src/index.js:23:5)
    at Module._compile (internal/modules/cjs/loader.js:1085:14)
    at Module._compile (/home/bruno/Desktop/Portfilio/backend/node_modules/pirates/lib/index.js:99:24)
    at Module._extensions..js (internal/modules/cjs/loader.js:1114:10)
    at Object.newLoader [as .js] (/home/bruno/Desktop/Portfilio/backend/node_modules/pirates/lib/index.js:104:7)
    at Module.load (internal/modules/cjs/loader.js:950:32)
2021-07-13 11:58:02 error: uncaughtException: listen EADDRINUSE: address already in use :::8000
Error: listen EADDRINUSE: address already in use :::8000
    at Server.setupListenHandle [as _listen2] (net.js:1320:16)
    at listenInCluster (net.js:1368:12)
    at Server.listen (net.js:1454:7)
    at Function.listen (/home/bruno/Desktop/Portfilio/backend/node_modules/express/lib/application.js:618:24)
    at Object.<anonymous> (/home/bruno/Desktop/Portfilio/backend/src/index.js:23:5)
    at Module._compile (internal/modules/cjs/loader.js:1085:14)
    at Module._compile (/home/bruno/Desktop/Portfilio/backend/node_modules/pirates/lib/index.js:99:24)
    at Module._extensions..js (internal/modules/cjs/loader.js:1114:10)
    at Object.newLoader [as .js] (/home/bruno/Desktop/Portfilio/backend/node_modules/pirates/lib/index.js:104:7)
    at Module.load (internal/modules/cjs/loader.js:950:32)
2021-07-13 11:58:02 error: uncaughtException: listen EADDRINUSE: address already in use :::8000
Error: listen EADDRINUSE: address already in use :::8000
    at Server.setupListenHandle [as _listen2] (net.js:1320:16)
    at listenInCluster (net.js:1368:12)
    at Server.listen (net.js:1454:7)
    at Function.listen (/home/bruno/Desktop/Portfilio/backend/node_modules/express/lib/application.js:618:24)
    at Object.<anonymous> (/home/bruno/Desktop/Portfilio/backend/src/index.js:23:5)
    at Module._compile (internal/modules/cjs/loader.js:1085:14)
    at Module._compile (/home/bruno/Desktop/Portfilio/backend/node_modules/pirates/lib/index.js:99:24)
    at Module._extensions..js (internal/modules/cjs/loader.js:1114:10)
    at Object.newLoader [as .js] (/home/bruno/Desktop/Portfilio/backend/node_modules/pirates/lib/index.js:104:7)
    at Module.load (internal/modules/cjs/loader.js:950:32)
2021-07-13 11:58:11 error: uncaughtException: listen EADDRINUSE: address already in use :::8000
Error: listen EADDRINUSE: address already in use :::8000
    at Server.setupListenHandle [as _listen2] (net.js:1320:16)
    at listenInCluster (net.js:1368:12)
    at Server.listen (net.js:1454:7)
    at Function.listen (/home/bruno/Desktop/Portfilio/backend/node_modules/express/lib/application.js:618:24)
    at Object.<anonymous> (/home/bruno/Desktop/Portfilio/backend/src/index.js:23:5)
    at Module._compile (internal/modules/cjs/loader.js:1085:14)
    at Module._compile (/home/bruno/Desktop/Portfilio/backend/node_modules/pirates/lib/index.js:99:24)
    at Module._extensions..js (internal/modules/cjs/loader.js:1114:10)
    at Object.newLoader [as .js] (/home/bruno/Desktop/Portfilio/backend/node_modules/pirates/lib/index.js:104:7)
    at Module.load (internal/modules/cjs/loader.js:950:32)
2021-07-13 11:58:11 error: uncaughtException: listen EADDRINUSE: address already in use :::8000
Error: listen EADDRINUSE: address already in use :::8000
    at Server.setupListenHandle [as _listen2] (net.js:1320:16)
    at listenInCluster (net.js:1368:12)
    at Server.listen (net.js:1454:7)
    at Function.listen (/home/bruno/Desktop/Portfilio/backend/node_modules/express/lib/application.js:618:24)
    at Object.<anonymous> (/home/bruno/Desktop/Portfilio/backend/src/index.js:23:5)
    at Module._compile (internal/modules/cjs/loader.js:1085:14)
    at Module._compile (/home/bruno/Desktop/Portfilio/backend/node_modules/pirates/lib/index.js:99:24)
    at Module._extensions..js (internal/modules/cjs/loader.js:1114:10)
    at Object.newLoader [as .js] (/home/bruno/Desktop/Portfilio/backend/node_modules/pirates/lib/index.js:104:7)
    at Module.load (internal/modules/cjs/loader.js:950:32)
2021-07-13 11:59:17 error: uncaughtException: listen EADDRINUSE: address already in use :::8000
Error: listen EADDRINUSE: address already in use :::8000
    at Server.setupListenHandle [as _listen2] (net.js:1320:16)
    at listenInCluster (net.js:1368:12)
    at Server.listen (net.js:1454:7)
    at Function.listen (/home/bruno/Desktop/Portfilio/backend/node_modules/express/lib/application.js:618:24)
    at Object.<anonymous> (/home/bruno/Desktop/Portfilio/backend/src/index.js:23:5)
    at Module._compile (internal/modules/cjs/loader.js:1085:14)
    at Module._compile (/home/bruno/Desktop/Portfilio/backend/node_modules/pirates/lib/index.js:99:24)
    at Module._extensions..js (internal/modules/cjs/loader.js:1114:10)
    at Object.newLoader [as .js] (/home/bruno/Desktop/Portfilio/backend/node_modules/pirates/lib/index.js:104:7)
    at Module.load (internal/modules/cjs/loader.js:950:32)
2021-07-13 11:59:17 error: uncaughtException: listen EADDRINUSE: address already in use :::8000
Error: listen EADDRINUSE: address already in use :::8000
    at Server.setupListenHandle [as _listen2] (net.js:1320:16)
    at listenInCluster (net.js:1368:12)
    at Server.listen (net.js:1454:7)
    at Function.listen (/home/bruno/Desktop/Portfilio/backend/node_modules/express/lib/application.js:618:24)
    at Object.<anonymous> (/home/bruno/Desktop/Portfilio/backend/src/index.js:23:5)
    at Module._compile (internal/modules/cjs/loader.js:1085:14)
    at Module._compile (/home/bruno/Desktop/Portfilio/backend/node_modules/pirates/lib/index.js:99:24)
    at Module._extensions..js (internal/modules/cjs/loader.js:1114:10)
    at Object.newLoader [as .js] (/home/bruno/Desktop/Portfilio/backend/node_modules/pirates/lib/index.js:104:7)
    at Module.load (internal/modules/cjs/loader.js:950:32)
2021-07-13 12:10:34 error: uncaughtException: listen EADDRINUSE: address already in use :::8000
Error: listen EADDRINUSE: address already in use :::8000
    at Server.setupListenHandle [as _listen2] (net.js:1320:16)
    at listenInCluster (net.js:1368:12)
    at Server.listen (net.js:1454:7)
    at Function.listen (/home/bruno/Desktop/Portfilio/backend/node_modules/express/lib/application.js:618:24)
    at Object.<anonymous> (/home/bruno/Desktop/Portfilio/backend/src/index.js:23:5)
    at Module._compile (internal/modules/cjs/loader.js:1085:14)
    at Module._compile (/home/bruno/Desktop/Portfilio/backend/node_modules/pirates/lib/index.js:99:24)
    at Module._extensions..js (internal/modules/cjs/loader.js:1114:10)
    at Object.newLoader [as .js] (/home/bruno/Desktop/Portfilio/backend/node_modules/pirates/lib/index.js:104:7)
    at Module.load (internal/modules/cjs/loader.js:950:32)
2021-07-13 12:10:34 error: uncaughtException: listen EADDRINUSE: address already in use :::8000
Error: listen EADDRINUSE: address already in use :::8000
    at Server.setupListenHandle [as _listen2] (net.js:1320:16)
    at listenInCluster (net.js:1368:12)
    at Server.listen (net.js:1454:7)
    at Function.listen (/home/bruno/Desktop/Portfilio/backend/node_modules/express/lib/application.js:618:24)
    at Object.<anonymous> (/home/bruno/Desktop/Portfilio/backend/src/index.js:23:5)
    at Module._compile (internal/modules/cjs/loader.js:1085:14)
    at Module._compile (/home/bruno/Desktop/Portfilio/backend/node_modules/pirates/lib/index.js:99:24)
    at Module._extensions..js (internal/modules/cjs/loader.js:1114:10)
    at Object.newLoader [as .js] (/home/bruno/Desktop/Portfilio/backend/node_modules/pirates/lib/index.js:104:7)
    at Module.load (internal/modules/cjs/loader.js:950:32)
2021-07-13 12:12:35 error: uncaughtException: listen EADDRINUSE: address already in use :::8000
Error: listen EADDRINUSE: address already in use :::8000
    at Server.setupListenHandle [as _listen2] (net.js:1320:16)
    at listenInCluster (net.js:1368:12)
    at Server.listen (net.js:1454:7)
    at Function.listen (/home/bruno/Desktop/Portfilio/backend/node_modules/express/lib/application.js:618:24)
    at Object.<anonymous> (/home/bruno/Desktop/Portfilio/backend/src/index.js:23:5)
    at Module._compile (internal/modules/cjs/loader.js:1085:14)
    at Module._compile (/home/bruno/Desktop/Portfilio/backend/node_modules/pirates/lib/index.js:99:24)
    at Module._extensions..js (internal/modules/cjs/loader.js:1114:10)
    at Object.newLoader [as .js] (/home/bruno/Desktop/Portfilio/backend/node_modules/pirates/lib/index.js:104:7)
    at Module.load (internal/modules/cjs/loader.js:950:32)
2021-07-13 12:12:35 error: uncaughtException: listen EADDRINUSE: address already in use :::8000
Error: listen EADDRINUSE: address already in use :::8000
    at Server.setupListenHandle [as _listen2] (net.js:1320:16)
    at listenInCluster (net.js:1368:12)
    at Server.listen (net.js:1454:7)
    at Function.listen (/home/bruno/Desktop/Portfilio/backend/node_modules/express/lib/application.js:618:24)
    at Object.<anonymous> (/home/bruno/Desktop/Portfilio/backend/src/index.js:23:5)
    at Module._compile (internal/modules/cjs/loader.js:1085:14)
    at Module._compile (/home/bruno/Desktop/Portfilio/backend/node_modules/pirates/lib/index.js:99:24)
    at Module._extensions..js (internal/modules/cjs/loader.js:1114:10)
    at Object.newLoader [as .js] (/home/bruno/Desktop/Portfilio/backend/node_modules/pirates/lib/index.js:104:7)
    at Module.load (internal/modules/cjs/loader.js:950:32)
2021-07-13 14:54:46 error: uncaughtException: listen EADDRINUSE: address already in use :::8000
Error: listen EADDRINUSE: address already in use :::8000
    at Server.setupListenHandle [as _listen2] (net.js:1320:16)
    at listenInCluster (net.js:1368:12)
    at Server.listen (net.js:1454:7)
    at Function.listen (/home/bruno/Desktop/Portfilio/backend/node_modules/express/lib/application.js:618:24)
    at Object.<anonymous> (/home/bruno/Desktop/Portfilio/backend/src/index.js:23:5)
    at Module._compile (internal/modules/cjs/loader.js:1085:14)
    at Module._compile (/home/bruno/Desktop/Portfilio/backend/node_modules/pirates/lib/index.js:99:24)
    at Module._extensions..js (internal/modules/cjs/loader.js:1114:10)
    at Object.newLoader [as .js] (/home/bruno/Desktop/Portfilio/backend/node_modules/pirates/lib/index.js:104:7)
    at Module.load (internal/modules/cjs/loader.js:950:32)
2021-07-13 14:54:46 error: uncaughtException: listen EADDRINUSE: address already in use :::8000
Error: listen EADDRINUSE: address already in use :::8000
    at Server.setupListenHandle [as _listen2] (net.js:1320:16)
    at listenInCluster (net.js:1368:12)
    at Server.listen (net.js:1454:7)
    at Function.listen (/home/bruno/Desktop/Portfilio/backend/node_modules/express/lib/application.js:618:24)
    at Object.<anonymous> (/home/bruno/Desktop/Portfilio/backend/src/index.js:23:5)
    at Module._compile (internal/modules/cjs/loader.js:1085:14)
    at Module._compile (/home/bruno/Desktop/Portfilio/backend/node_modules/pirates/lib/index.js:99:24)
    at Module._extensions..js (internal/modules/cjs/loader.js:1114:10)
    at Object.newLoader [as .js] (/home/bruno/Desktop/Portfilio/backend/node_modules/pirates/lib/index.js:104:7)
    at Module.load (internal/modules/cjs/loader.js:950:32)
2021-07-13 14:55:02 error: uncaughtException: listen EADDRINUSE: address already in use :::8000
Error: listen EADDRINUSE: address already in use :::8000
    at Server.setupListenHandle [as _listen2] (net.js:1320:16)
    at listenInCluster (net.js:1368:12)
    at Server.listen (net.js:1454:7)
    at Function.listen (/home/bruno/Desktop/Portfilio/backend/node_modules/express/lib/application.js:618:24)
    at Object.<anonymous> (/home/bruno/Desktop/Portfilio/backend/src/index.js:23:5)
    at Module._compile (internal/modules/cjs/loader.js:1085:14)
    at Module._compile (/home/bruno/Desktop/Portfilio/backend/node_modules/pirates/lib/index.js:99:24)
    at Module._extensions..js (internal/modules/cjs/loader.js:1114:10)
    at Object.newLoader [as .js] (/home/bruno/Desktop/Portfilio/backend/node_modules/pirates/lib/index.js:104:7)
    at Module.load (internal/modules/cjs/loader.js:950:32)
2021-07-13 14:55:02 error: uncaughtException: listen EADDRINUSE: address already in use :::8000
Error: listen EADDRINUSE: address already in use :::8000
    at Server.setupListenHandle [as _listen2] (net.js:1320:16)
    at listenInCluster (net.js:1368:12)
    at Server.listen (net.js:1454:7)
    at Function.listen (/home/bruno/Desktop/Portfilio/backend/node_modules/express/lib/application.js:618:24)
    at Object.<anonymous> (/home/bruno/Desktop/Portfilio/backend/src/index.js:23:5)
    at Module._compile (internal/modules/cjs/loader.js:1085:14)
    at Module._compile (/home/bruno/Desktop/Portfilio/backend/node_modules/pirates/lib/index.js:99:24)
    at Module._extensions..js (internal/modules/cjs/loader.js:1114:10)
    at Object.newLoader [as .js] (/home/bruno/Desktop/Portfilio/backend/node_modules/pirates/lib/index.js:104:7)
    at Module.load (internal/modules/cjs/loader.js:950:32)
2021-07-13 15:00:56 error: uncaughtException: listen EADDRINUSE: address already in use :::8000
Error: listen EADDRINUSE: address already in use :::8000
    at Server.setupListenHandle [as _listen2] (net.js:1320:16)
    at listenInCluster (net.js:1368:12)
    at Server.listen (net.js:1454:7)
    at Function.listen (/home/bruno/Desktop/Portfilio/backend/node_modules/express/lib/application.js:618:24)
    at Object.<anonymous> (/home/bruno/Desktop/Portfilio/backend/src/index.js:23:5)
    at Module._compile (internal/modules/cjs/loader.js:1085:14)
    at Module._compile (/home/bruno/Desktop/Portfilio/backend/node_modules/pirates/lib/index.js:99:24)
    at Module._extensions..js (internal/modules/cjs/loader.js:1114:10)
    at Object.newLoader [as .js] (/home/bruno/Desktop/Portfilio/backend/node_modules/pirates/lib/index.js:104:7)
    at Module.load (internal/modules/cjs/loader.js:950:32)
2021-07-13 15:00:56 error: uncaughtException: listen EADDRINUSE: address already in use :::8000
Error: listen EADDRINUSE: address already in use :::8000
    at Server.setupListenHandle [as _listen2] (net.js:1320:16)
    at listenInCluster (net.js:1368:12)
    at Server.listen (net.js:1454:7)
    at Function.listen (/home/bruno/Desktop/Portfilio/backend/node_modules/express/lib/application.js:618:24)
    at Object.<anonymous> (/home/bruno/Desktop/Portfilio/backend/src/index.js:23:5)
    at Module._compile (internal/modules/cjs/loader.js:1085:14)
    at Module._compile (/home/bruno/Desktop/Portfilio/backend/node_modules/pirates/lib/index.js:99:24)
    at Module._extensions..js (internal/modules/cjs/loader.js:1114:10)
    at Object.newLoader [as .js] (/home/bruno/Desktop/Portfilio/backend/node_modules/pirates/lib/index.js:104:7)
    at Module.load (internal/modules/cjs/loader.js:950:32)
2021-07-13 15:01:24 error: uncaughtException: listen EADDRINUSE: address already in use :::8000
Error: listen EADDRINUSE: address already in use :::8000
    at Server.setupListenHandle [as _listen2] (net.js:1320:16)
    at listenInCluster (net.js:1368:12)
    at Server.listen (net.js:1454:7)
    at Function.listen (/home/bruno/Desktop/Portfilio/backend/node_modules/express/lib/application.js:618:24)
    at Object.<anonymous> (/home/bruno/Desktop/Portfilio/backend/src/index.js:23:5)
    at Module._compile (internal/modules/cjs/loader.js:1085:14)
    at Module._compile (/home/bruno/Desktop/Portfilio/backend/node_modules/pirates/lib/index.js:99:24)
    at Module._extensions..js (internal/modules/cjs/loader.js:1114:10)
    at Object.newLoader [as .js] (/home/bruno/Desktop/Portfilio/backend/node_modules/pirates/lib/index.js:104:7)
    at Module.load (internal/modules/cjs/loader.js:950:32)
2021-07-13 15:01:24 error: uncaughtException: listen EADDRINUSE: address already in use :::8000
Error: listen EADDRINUSE: address already in use :::8000
    at Server.setupListenHandle [as _listen2] (net.js:1320:16)
    at listenInCluster (net.js:1368:12)
    at Server.listen (net.js:1454:7)
    at Function.listen (/home/bruno/Desktop/Portfilio/backend/node_modules/express/lib/application.js:618:24)
    at Object.<anonymous> (/home/bruno/Desktop/Portfilio/backend/src/index.js:23:5)
    at Module._compile (internal/modules/cjs/loader.js:1085:14)
    at Module._compile (/home/bruno/Desktop/Portfilio/backend/node_modules/pirates/lib/index.js:99:24)
    at Module._extensions..js (internal/modules/cjs/loader.js:1114:10)
    at Object.newLoader [as .js] (/home/bruno/Desktop/Portfilio/backend/node_modules/pirates/lib/index.js:104:7)
    at Module.load (internal/modules/cjs/loader.js:950:32)
2021-07-13 15:01:59 error: uncaughtException: listen EADDRINUSE: address already in use :::8000
Error: listen EADDRINUSE: address already in use :::8000
    at Server.setupListenHandle [as _listen2] (net.js:1320:16)
    at listenInCluster (net.js:1368:12)
    at Server.listen (net.js:1454:7)
    at Function.listen (/home/bruno/Desktop/Portfilio/backend/node_modules/express/lib/application.js:618:24)
    at Object.<anonymous> (/home/bruno/Desktop/Portfilio/backend/src/index.js:23:5)
    at Module._compile (internal/modules/cjs/loader.js:1085:14)
    at Module._compile (/home/bruno/Desktop/Portfilio/backend/node_modules/pirates/lib/index.js:99:24)
    at Module._extensions..js (internal/modules/cjs/loader.js:1114:10)
    at Object.newLoader [as .js] (/home/bruno/Desktop/Portfilio/backend/node_modules/pirates/lib/index.js:104:7)
    at Module.load (internal/modules/cjs/loader.js:950:32)
2021-07-13 15:01:59 error: uncaughtException: listen EADDRINUSE: address already in use :::8000
Error: listen EADDRINUSE: address already in use :::8000
    at Server.setupListenHandle [as _listen2] (net.js:1320:16)
    at listenInCluster (net.js:1368:12)
    at Server.listen (net.js:1454:7)
    at Function.listen (/home/bruno/Desktop/Portfilio/backend/node_modules/express/lib/application.js:618:24)
    at Object.<anonymous> (/home/bruno/Desktop/Portfilio/backend/src/index.js:23:5)
    at Module._compile (internal/modules/cjs/loader.js:1085:14)
    at Module._compile (/home/bruno/Desktop/Portfilio/backend/node_modules/pirates/lib/index.js:99:24)
    at Module._extensions..js (internal/modules/cjs/loader.js:1114:10)
    at Object.newLoader [as .js] (/home/bruno/Desktop/Portfilio/backend/node_modules/pirates/lib/index.js:104:7)
    at Module.load (internal/modules/cjs/loader.js:950:32)
2021-07-13 15:02:14 error: uncaughtException: listen EADDRINUSE: address already in use :::8000
Error: listen EADDRINUSE: address already in use :::8000
    at Server.setupListenHandle [as _listen2] (net.js:1320:16)
    at listenInCluster (net.js:1368:12)
    at Server.listen (net.js:1454:7)
    at Function.listen (/home/bruno/Desktop/Portfilio/backend/node_modules/express/lib/application.js:618:24)
    at Object.<anonymous> (/home/bruno/Desktop/Portfilio/backend/src/index.js:23:5)
    at Module._compile (internal/modules/cjs/loader.js:1085:14)
    at Module._compile (/home/bruno/Desktop/Portfilio/backend/node_modules/pirates/lib/index.js:99:24)
    at Module._extensions..js (internal/modules/cjs/loader.js:1114:10)
    at Object.newLoader [as .js] (/home/bruno/Desktop/Portfilio/backend/node_modules/pirates/lib/index.js:104:7)
    at Module.load (internal/modules/cjs/loader.js:950:32)
2021-07-13 15:02:14 error: uncaughtException: listen EADDRINUSE: address already in use :::8000
Error: listen EADDRINUSE: address already in use :::8000
    at Server.setupListenHandle [as _listen2] (net.js:1320:16)
    at listenInCluster (net.js:1368:12)
    at Server.listen (net.js:1454:7)
    at Function.listen (/home/bruno/Desktop/Portfilio/backend/node_modules/express/lib/application.js:618:24)
    at Object.<anonymous> (/home/bruno/Desktop/Portfilio/backend/src/index.js:23:5)
    at Module._compile (internal/modules/cjs/loader.js:1085:14)
    at Module._compile (/home/bruno/Desktop/Portfilio/backend/node_modules/pirates/lib/index.js:99:24)
    at Module._extensions..js (internal/modules/cjs/loader.js:1114:10)
    at Object.newLoader [as .js] (/home/bruno/Desktop/Portfilio/backend/node_modules/pirates/lib/index.js:104:7)
    at Module.load (internal/modules/cjs/loader.js:950:32)
2021-07-13 15:35:05 error: uncaughtException: listen EADDRINUSE: address already in use :::8000
Error: listen EADDRINUSE: address already in use :::8000
    at Server.setupListenHandle [as _listen2] (net.js:1320:16)
    at listenInCluster (net.js:1368:12)
    at Server.listen (net.js:1454:7)
    at Function.listen (/home/bruno/Desktop/Portfilio/backend/node_modules/express/lib/application.js:618:24)
    at Object.<anonymous> (/home/bruno/Desktop/Portfilio/backend/src/index.js:23:5)
    at Module._compile (internal/modules/cjs/loader.js:1085:14)
    at Module._compile (/home/bruno/Desktop/Portfilio/backend/node_modules/pirates/lib/index.js:99:24)
    at Module._extensions..js (internal/modules/cjs/loader.js:1114:10)
    at Object.newLoader [as .js] (/home/bruno/Desktop/Portfilio/backend/node_modules/pirates/lib/index.js:104:7)
    at Module.load (internal/modules/cjs/loader.js:950:32)
2021-07-13 15:35:05 error: uncaughtException: listen EADDRINUSE: address already in use :::8000
Error: listen EADDRINUSE: address already in use :::8000
    at Server.setupListenHandle [as _listen2] (net.js:1320:16)
    at listenInCluster (net.js:1368:12)
    at Server.listen (net.js:1454:7)
    at Function.listen (/home/bruno/Desktop/Portfilio/backend/node_modules/express/lib/application.js:618:24)
    at Object.<anonymous> (/home/bruno/Desktop/Portfilio/backend/src/index.js:23:5)
    at Module._compile (internal/modules/cjs/loader.js:1085:14)
    at Module._compile (/home/bruno/Desktop/Portfilio/backend/node_modules/pirates/lib/index.js:99:24)
    at Module._extensions..js (internal/modules/cjs/loader.js:1114:10)
    at Object.newLoader [as .js] (/home/bruno/Desktop/Portfilio/backend/node_modules/pirates/lib/index.js:104:7)
    at Module.load (internal/modules/cjs/loader.js:950:32)
2021-07-13 15:36:17 error: uncaughtException: listen EADDRINUSE: address already in use :::8000
Error: listen EADDRINUSE: address already in use :::8000
    at Server.setupListenHandle [as _listen2] (net.js:1320:16)
    at listenInCluster (net.js:1368:12)
    at Server.listen (net.js:1454:7)
    at Function.listen (/home/bruno/Desktop/Portfilio/backend/node_modules/express/lib/application.js:618:24)
    at Object.<anonymous> (/home/bruno/Desktop/Portfilio/backend/src/index.js:23:5)
    at Module._compile (internal/modules/cjs/loader.js:1085:14)
    at Module._compile (/home/bruno/Desktop/Portfilio/backend/node_modules/pirates/lib/index.js:99:24)
    at Module._extensions..js (internal/modules/cjs/loader.js:1114:10)
    at Object.newLoader [as .js] (/home/bruno/Desktop/Portfilio/backend/node_modules/pirates/lib/index.js:104:7)
    at Module.load (internal/modules/cjs/loader.js:950:32)
2021-07-13 15:36:17 error: uncaughtException: listen EADDRINUSE: address already in use :::8000
Error: listen EADDRINUSE: address already in use :::8000
    at Server.setupListenHandle [as _listen2] (net.js:1320:16)
    at listenInCluster (net.js:1368:12)
    at Server.listen (net.js:1454:7)
    at Function.listen (/home/bruno/Desktop/Portfilio/backend/node_modules/express/lib/application.js:618:24)
    at Object.<anonymous> (/home/bruno/Desktop/Portfilio/backend/src/index.js:23:5)
    at Module._compile (internal/modules/cjs/loader.js:1085:14)
    at Module._compile (/home/bruno/Desktop/Portfilio/backend/node_modules/pirates/lib/index.js:99:24)
    at Module._extensions..js (internal/modules/cjs/loader.js:1114:10)
    at Object.newLoader [as .js] (/home/bruno/Desktop/Portfilio/backend/node_modules/pirates/lib/index.js:104:7)
    at Module.load (internal/modules/cjs/loader.js:950:32)
2021-07-13 15:36:37 error: uncaughtException: listen EADDRINUSE: address already in use :::8000
Error: listen EADDRINUSE: address already in use :::8000
    at Server.setupListenHandle [as _listen2] (net.js:1320:16)
    at listenInCluster (net.js:1368:12)
    at Server.listen (net.js:1454:7)
    at Function.listen (/home/bruno/Desktop/Portfilio/backend/node_modules/express/lib/application.js:618:24)
    at Object.<anonymous> (/home/bruno/Desktop/Portfilio/backend/src/index.js:23:5)
    at Module._compile (internal/modules/cjs/loader.js:1085:14)
    at Module._compile (/home/bruno/Desktop/Portfilio/backend/node_modules/pirates/lib/index.js:99:24)
    at Module._extensions..js (internal/modules/cjs/loader.js:1114:10)
    at Object.newLoader [as .js] (/home/bruno/Desktop/Portfilio/backend/node_modules/pirates/lib/index.js:104:7)
    at Module.load (internal/modules/cjs/loader.js:950:32)
2021-07-13 15:36:37 error: uncaughtException: listen EADDRINUSE: address already in use :::8000
Error: listen EADDRINUSE: address already in use :::8000
    at Server.setupListenHandle [as _listen2] (net.js:1320:16)
    at listenInCluster (net.js:1368:12)
    at Server.listen (net.js:1454:7)
    at Function.listen (/home/bruno/Desktop/Portfilio/backend/node_modules/express/lib/application.js:618:24)
    at Object.<anonymous> (/home/bruno/Desktop/Portfilio/backend/src/index.js:23:5)
    at Module._compile (internal/modules/cjs/loader.js:1085:14)
    at Module._compile (/home/bruno/Desktop/Portfilio/backend/node_modules/pirates/lib/index.js:99:24)
    at Module._extensions..js (internal/modules/cjs/loader.js:1114:10)
    at Object.newLoader [as .js] (/home/bruno/Desktop/Portfilio/backend/node_modules/pirates/lib/index.js:104:7)
    at Module.load (internal/modules/cjs/loader.js:950:32)
2021-07-13 15:37:13 error: uncaughtException: listen EADDRINUSE: address already in use :::8000
Error: listen EADDRINUSE: address already in use :::8000
    at Server.setupListenHandle [as _listen2] (net.js:1320:16)
    at listenInCluster (net.js:1368:12)
    at Server.listen (net.js:1454:7)
    at Function.listen (/home/bruno/Desktop/Portfilio/backend/node_modules/express/lib/application.js:618:24)
    at Object.<anonymous> (/home/bruno/Desktop/Portfilio/backend/src/index.js:23:5)
    at Module._compile (internal/modules/cjs/loader.js:1085:14)
    at Module._compile (/home/bruno/Desktop/Portfilio/backend/node_modules/pirates/lib/index.js:99:24)
    at Module._extensions..js (internal/modules/cjs/loader.js:1114:10)
    at Object.newLoader [as .js] (/home/bruno/Desktop/Portfilio/backend/node_modules/pirates/lib/index.js:104:7)
    at Module.load (internal/modules/cjs/loader.js:950:32)
2021-07-13 15:37:13 error: uncaughtException: listen EADDRINUSE: address already in use :::8000
Error: listen EADDRINUSE: address already in use :::8000
    at Server.setupListenHandle [as _listen2] (net.js:1320:16)
    at listenInCluster (net.js:1368:12)
    at Server.listen (net.js:1454:7)
    at Function.listen (/home/bruno/Desktop/Portfilio/backend/node_modules/express/lib/application.js:618:24)
    at Object.<anonymous> (/home/bruno/Desktop/Portfilio/backend/src/index.js:23:5)
    at Module._compile (internal/modules/cjs/loader.js:1085:14)
    at Module._compile (/home/bruno/Desktop/Portfilio/backend/node_modules/pirates/lib/index.js:99:24)
    at Module._extensions..js (internal/modules/cjs/loader.js:1114:10)
    at Object.newLoader [as .js] (/home/bruno/Desktop/Portfilio/backend/node_modules/pirates/lib/index.js:104:7)
    at Module.load (internal/modules/cjs/loader.js:950:32)
2021-07-13 15:37:27 error: uncaughtException: listen EADDRINUSE: address already in use :::8000
Error: listen EADDRINUSE: address already in use :::8000
    at Server.setupListenHandle [as _listen2] (net.js:1320:16)
    at listenInCluster (net.js:1368:12)
    at Server.listen (net.js:1454:7)
    at Function.listen (/home/bruno/Desktop/Portfilio/backend/node_modules/express/lib/application.js:618:24)
    at Object.<anonymous> (/home/bruno/Desktop/Portfilio/backend/src/index.js:23:5)
    at Module._compile (internal/modules/cjs/loader.js:1085:14)
    at Module._compile (/home/bruno/Desktop/Portfilio/backend/node_modules/pirates/lib/index.js:99:24)
    at Module._extensions..js (internal/modules/cjs/loader.js:1114:10)
    at Object.newLoader [as .js] (/home/bruno/Desktop/Portfilio/backend/node_modules/pirates/lib/index.js:104:7)
    at Module.load (internal/modules/cjs/loader.js:950:32)
2021-07-13 15:37:27 error: uncaughtException: listen EADDRINUSE: address already in use :::8000
Error: listen EADDRINUSE: address already in use :::8000
    at Server.setupListenHandle [as _listen2] (net.js:1320:16)
    at listenInCluster (net.js:1368:12)
    at Server.listen (net.js:1454:7)
    at Function.listen (/home/bruno/Desktop/Portfilio/backend/node_modules/express/lib/application.js:618:24)
    at Object.<anonymous> (/home/bruno/Desktop/Portfilio/backend/src/index.js:23:5)
    at Module._compile (internal/modules/cjs/loader.js:1085:14)
    at Module._compile (/home/bruno/Desktop/Portfilio/backend/node_modules/pirates/lib/index.js:99:24)
    at Module._extensions..js (internal/modules/cjs/loader.js:1114:10)
    at Object.newLoader [as .js] (/home/bruno/Desktop/Portfilio/backend/node_modules/pirates/lib/index.js:104:7)
    at Module.load (internal/modules/cjs/loader.js:950:32)
2021-07-13 15:39:36 error: uncaughtException: listen EADDRINUSE: address already in use :::8000
Error: listen EADDRINUSE: address already in use :::8000
    at Server.setupListenHandle [as _listen2] (net.js:1320:16)
    at listenInCluster (net.js:1368:12)
    at Server.listen (net.js:1454:7)
    at Function.listen (/home/bruno/Desktop/Portfilio/backend/node_modules/express/lib/application.js:618:24)
    at Object.<anonymous> (/home/bruno/Desktop/Portfilio/backend/src/index.js:23:5)
    at Module._compile (internal/modules/cjs/loader.js:1085:14)
    at Module._compile (/home/bruno/Desktop/Portfilio/backend/node_modules/pirates/lib/index.js:99:24)
    at Module._extensions..js (internal/modules/cjs/loader.js:1114:10)
    at Object.newLoader [as .js] (/home/bruno/Desktop/Portfilio/backend/node_modules/pirates/lib/index.js:104:7)
    at Module.load (internal/modules/cjs/loader.js:950:32)
2021-07-13 15:39:36 error: uncaughtException: listen EADDRINUSE: address already in use :::8000
Error: listen EADDRINUSE: address already in use :::8000
    at Server.setupListenHandle [as _listen2] (net.js:1320:16)
    at listenInCluster (net.js:1368:12)
    at Server.listen (net.js:1454:7)
    at Function.listen (/home/bruno/Desktop/Portfilio/backend/node_modules/express/lib/application.js:618:24)
    at Object.<anonymous> (/home/bruno/Desktop/Portfilio/backend/src/index.js:23:5)
    at Module._compile (internal/modules/cjs/loader.js:1085:14)
    at Module._compile (/home/bruno/Desktop/Portfilio/backend/node_modules/pirates/lib/index.js:99:24)
    at Module._extensions..js (internal/modules/cjs/loader.js:1114:10)
    at Object.newLoader [as .js] (/home/bruno/Desktop/Portfilio/backend/node_modules/pirates/lib/index.js:104:7)
    at Module.load (internal/modules/cjs/loader.js:950:32)
2021-07-13 15:40:00 error: uncaughtException: listen EADDRINUSE: address already in use :::8000
Error: listen EADDRINUSE: address already in use :::8000
    at Server.setupListenHandle [as _listen2] (net.js:1320:16)
    at listenInCluster (net.js:1368:12)
    at Server.listen (net.js:1454:7)
    at Function.listen (/home/bruno/Desktop/Portfilio/backend/node_modules/express/lib/application.js:618:24)
    at Object.<anonymous> (/home/bruno/Desktop/Portfilio/backend/src/index.js:23:5)
    at Module._compile (internal/modules/cjs/loader.js:1085:14)
    at Module._compile (/home/bruno/Desktop/Portfilio/backend/node_modules/pirates/lib/index.js:99:24)
    at Module._extensions..js (internal/modules/cjs/loader.js:1114:10)
    at Object.newLoader [as .js] (/home/bruno/Desktop/Portfilio/backend/node_modules/pirates/lib/index.js:104:7)
    at Module.load (internal/modules/cjs/loader.js:950:32)
2021-07-13 15:40:00 error: uncaughtException: listen EADDRINUSE: address already in use :::8000
Error: listen EADDRINUSE: address already in use :::8000
    at Server.setupListenHandle [as _listen2] (net.js:1320:16)
    at listenInCluster (net.js:1368:12)
    at Server.listen (net.js:1454:7)
    at Function.listen (/home/bruno/Desktop/Portfilio/backend/node_modules/express/lib/application.js:618:24)
    at Object.<anonymous> (/home/bruno/Desktop/Portfilio/backend/src/index.js:23:5)
    at Module._compile (internal/modules/cjs/loader.js:1085:14)
    at Module._compile (/home/bruno/Desktop/Portfilio/backend/node_modules/pirates/lib/index.js:99:24)
    at Module._extensions..js (internal/modules/cjs/loader.js:1114:10)
    at Object.newLoader [as .js] (/home/bruno/Desktop/Portfilio/backend/node_modules/pirates/lib/index.js:104:7)
    at Module.load (internal/modules/cjs/loader.js:950:32)
2021-07-13 15:45:01 error: uncaughtException: listen EADDRINUSE: address already in use :::8000
Error: listen EADDRINUSE: address already in use :::8000
    at Server.setupListenHandle [as _listen2] (net.js:1320:16)
    at listenInCluster (net.js:1368:12)
    at Server.listen (net.js:1454:7)
    at Function.listen (/home/bruno/Desktop/Portfilio/backend/node_modules/express/lib/application.js:618:24)
    at Object.<anonymous> (/home/bruno/Desktop/Portfilio/backend/src/index.js:23:5)
    at Module._compile (internal/modules/cjs/loader.js:1085:14)
    at Module._compile (/home/bruno/Desktop/Portfilio/backend/node_modules/pirates/lib/index.js:99:24)
    at Module._extensions..js (internal/modules/cjs/loader.js:1114:10)
    at Object.newLoader [as .js] (/home/bruno/Desktop/Portfilio/backend/node_modules/pirates/lib/index.js:104:7)
    at Module.load (internal/modules/cjs/loader.js:950:32)
2021-07-13 15:45:01 error: uncaughtException: listen EADDRINUSE: address already in use :::8000
Error: listen EADDRINUSE: address already in use :::8000
    at Server.setupListenHandle [as _listen2] (net.js:1320:16)
    at listenInCluster (net.js:1368:12)
    at Server.listen (net.js:1454:7)
    at Function.listen (/home/bruno/Desktop/Portfilio/backend/node_modules/express/lib/application.js:618:24)
    at Object.<anonymous> (/home/bruno/Desktop/Portfilio/backend/src/index.js:23:5)
    at Module._compile (internal/modules/cjs/loader.js:1085:14)
    at Module._compile (/home/bruno/Desktop/Portfilio/backend/node_modules/pirates/lib/index.js:99:24)
    at Module._extensions..js (internal/modules/cjs/loader.js:1114:10)
    at Object.newLoader [as .js] (/home/bruno/Desktop/Portfilio/backend/node_modules/pirates/lib/index.js:104:7)
    at Module.load (internal/modules/cjs/loader.js:950:32)
2021-07-13 15:45:25 error: uncaughtException: listen EADDRINUSE: address already in use :::8000
Error: listen EADDRINUSE: address already in use :::8000
    at Server.setupListenHandle [as _listen2] (net.js:1320:16)
    at listenInCluster (net.js:1368:12)
    at Server.listen (net.js:1454:7)
    at Function.listen (/home/bruno/Desktop/Portfilio/backend/node_modules/express/lib/application.js:618:24)
    at Object.<anonymous> (/home/bruno/Desktop/Portfilio/backend/src/index.js:23:5)
    at Module._compile (internal/modules/cjs/loader.js:1085:14)
    at Module._compile (/home/bruno/Desktop/Portfilio/backend/node_modules/pirates/lib/index.js:99:24)
    at Module._extensions..js (internal/modules/cjs/loader.js:1114:10)
    at Object.newLoader [as .js] (/home/bruno/Desktop/Portfilio/backend/node_modules/pirates/lib/index.js:104:7)
    at Module.load (internal/modules/cjs/loader.js:950:32)
2021-07-13 15:45:25 error: uncaughtException: listen EADDRINUSE: address already in use :::8000
Error: listen EADDRINUSE: address already in use :::8000
    at Server.setupListenHandle [as _listen2] (net.js:1320:16)
    at listenInCluster (net.js:1368:12)
    at Server.listen (net.js:1454:7)
    at Function.listen (/home/bruno/Desktop/Portfilio/backend/node_modules/express/lib/application.js:618:24)
    at Object.<anonymous> (/home/bruno/Desktop/Portfilio/backend/src/index.js:23:5)
    at Module._compile (internal/modules/cjs/loader.js:1085:14)
    at Module._compile (/home/bruno/Desktop/Portfilio/backend/node_modules/pirates/lib/index.js:99:24)
    at Module._extensions..js (internal/modules/cjs/loader.js:1114:10)
    at Object.newLoader [as .js] (/home/bruno/Desktop/Portfilio/backend/node_modules/pirates/lib/index.js:104:7)
    at Module.load (internal/modules/cjs/loader.js:950:32)
2021-07-13 16:39:44 error: uncaughtException: listen EADDRINUSE: address already in use :::8000
Error: listen EADDRINUSE: address already in use :::8000
    at Server.setupListenHandle [as _listen2] (net.js:1320:16)
    at listenInCluster (net.js:1368:12)
    at Server.listen (net.js:1454:7)
    at Function.listen (/home/bruno/Desktop/Portfilio/backend/node_modules/express/lib/application.js:618:24)
    at Object.<anonymous> (/home/bruno/Desktop/Portfilio/backend/src/index.js:23:5)
    at Module._compile (internal/modules/cjs/loader.js:1085:14)
    at Module._compile (/home/bruno/Desktop/Portfilio/backend/node_modules/pirates/lib/index.js:99:24)
    at Module._extensions..js (internal/modules/cjs/loader.js:1114:10)
    at Object.newLoader [as .js] (/home/bruno/Desktop/Portfilio/backend/node_modules/pirates/lib/index.js:104:7)
    at Module.load (internal/modules/cjs/loader.js:950:32)
2021-07-13 16:39:44 error: uncaughtException: listen EADDRINUSE: address already in use :::8000
Error: listen EADDRINUSE: address already in use :::8000
    at Server.setupListenHandle [as _listen2] (net.js:1320:16)
    at listenInCluster (net.js:1368:12)
    at Server.listen (net.js:1454:7)
    at Function.listen (/home/bruno/Desktop/Portfilio/backend/node_modules/express/lib/application.js:618:24)
    at Object.<anonymous> (/home/bruno/Desktop/Portfilio/backend/src/index.js:23:5)
    at Module._compile (internal/modules/cjs/loader.js:1085:14)
    at Module._compile (/home/bruno/Desktop/Portfilio/backend/node_modules/pirates/lib/index.js:99:24)
    at Module._extensions..js (internal/modules/cjs/loader.js:1114:10)
    at Object.newLoader [as .js] (/home/bruno/Desktop/Portfilio/backend/node_modules/pirates/lib/index.js:104:7)
    at Module.load (internal/modules/cjs/loader.js:950:32)
2021-07-14 16:42:14 error: uncaughtException: listen EADDRINUSE: address already in use :::8000
Error: listen EADDRINUSE: address already in use :::8000
    at Server.setupListenHandle [as _listen2] (net.js:1320:16)
    at listenInCluster (net.js:1368:12)
    at Server.listen (net.js:1454:7)
    at Function.listen (/home/bruno/Desktop/Portfilio/backend/node_modules/express/lib/application.js:618:24)
    at Object.<anonymous> (/home/bruno/Desktop/Portfilio/backend/src/index.js:23:5)
    at Module._compile (internal/modules/cjs/loader.js:1085:14)
    at Module._compile (/home/bruno/Desktop/Portfilio/backend/node_modules/pirates/lib/index.js:99:24)
    at Module._extensions..js (internal/modules/cjs/loader.js:1114:10)
    at Object.newLoader [as .js] (/home/bruno/Desktop/Portfilio/backend/node_modules/pirates/lib/index.js:104:7)
    at Module.load (internal/modules/cjs/loader.js:950:32)
2021-07-14 16:42:14 error: uncaughtException: listen EADDRINUSE: address already in use :::8000
Error: listen EADDRINUSE: address already in use :::8000
    at Server.setupListenHandle [as _listen2] (net.js:1320:16)
    at listenInCluster (net.js:1368:12)
    at Server.listen (net.js:1454:7)
    at Function.listen (/home/bruno/Desktop/Portfilio/backend/node_modules/express/lib/application.js:618:24)
    at Object.<anonymous> (/home/bruno/Desktop/Portfilio/backend/src/index.js:23:5)
    at Module._compile (internal/modules/cjs/loader.js:1085:14)
    at Module._compile (/home/bruno/Desktop/Portfilio/backend/node_modules/pirates/lib/index.js:99:24)
    at Module._extensions..js (internal/modules/cjs/loader.js:1114:10)
    at Object.newLoader [as .js] (/home/bruno/Desktop/Portfilio/backend/node_modules/pirates/lib/index.js:104:7)
    at Module.load (internal/modules/cjs/loader.js:950:32)
2021-07-14 16:43:03 error: uncaughtException: listen EADDRINUSE: address already in use :::8000
Error: listen EADDRINUSE: address already in use :::8000
    at Server.setupListenHandle [as _listen2] (net.js:1320:16)
    at listenInCluster (net.js:1368:12)
    at Server.listen (net.js:1454:7)
    at Function.listen (/home/bruno/Desktop/Portfilio/backend/node_modules/express/lib/application.js:618:24)
    at Object.<anonymous> (/home/bruno/Desktop/Portfilio/backend/src/index.js:23:5)
    at Module._compile (internal/modules/cjs/loader.js:1085:14)
    at Module._compile (/home/bruno/Desktop/Portfilio/backend/node_modules/pirates/lib/index.js:99:24)
    at Module._extensions..js (internal/modules/cjs/loader.js:1114:10)
    at Object.newLoader [as .js] (/home/bruno/Desktop/Portfilio/backend/node_modules/pirates/lib/index.js:104:7)
    at Module.load (internal/modules/cjs/loader.js:950:32)
2021-07-14 16:43:03 error: uncaughtException: listen EADDRINUSE: address already in use :::8000
Error: listen EADDRINUSE: address already in use :::8000
    at Server.setupListenHandle [as _listen2] (net.js:1320:16)
    at listenInCluster (net.js:1368:12)
    at Server.listen (net.js:1454:7)
    at Function.listen (/home/bruno/Desktop/Portfilio/backend/node_modules/express/lib/application.js:618:24)
    at Object.<anonymous> (/home/bruno/Desktop/Portfilio/backend/src/index.js:23:5)
    at Module._compile (internal/modules/cjs/loader.js:1085:14)
    at Module._compile (/home/bruno/Desktop/Portfilio/backend/node_modules/pirates/lib/index.js:99:24)
    at Module._extensions..js (internal/modules/cjs/loader.js:1114:10)
    at Object.newLoader [as .js] (/home/bruno/Desktop/Portfilio/backend/node_modules/pirates/lib/index.js:104:7)
    at Module.load (internal/modules/cjs/loader.js:950:32)
2021-07-14 16:44:17 error: uncaughtException: listen EADDRINUSE: address already in use :::8001
Error: listen EADDRINUSE: address already in use :::8001
    at Server.setupListenHandle [as _listen2] (net.js:1320:16)
    at listenInCluster (net.js:1368:12)
    at Server.listen (net.js:1454:7)
    at Function.listen (/home/bruno/Desktop/Portfilio/backend/node_modules/express/lib/application.js:618:24)
    at Object.<anonymous> (/home/bruno/Desktop/Portfilio/backend/src/index.js:23:5)
    at Module._compile (internal/modules/cjs/loader.js:1085:14)
    at Module._compile (/home/bruno/Desktop/Portfilio/backend/node_modules/pirates/lib/index.js:99:24)
    at Module._extensions..js (internal/modules/cjs/loader.js:1114:10)
    at Object.newLoader [as .js] (/home/bruno/Desktop/Portfilio/backend/node_modules/pirates/lib/index.js:104:7)
    at Module.load (internal/modules/cjs/loader.js:950:32)
2021-07-14 16:44:17 error: uncaughtException: listen EADDRINUSE: address already in use :::8001
Error: listen EADDRINUSE: address already in use :::8001
    at Server.setupListenHandle [as _listen2] (net.js:1320:16)
    at listenInCluster (net.js:1368:12)
    at Server.listen (net.js:1454:7)
    at Function.listen (/home/bruno/Desktop/Portfilio/backend/node_modules/express/lib/application.js:618:24)
    at Object.<anonymous> (/home/bruno/Desktop/Portfilio/backend/src/index.js:23:5)
    at Module._compile (internal/modules/cjs/loader.js:1085:14)
    at Module._compile (/home/bruno/Desktop/Portfilio/backend/node_modules/pirates/lib/index.js:99:24)
    at Module._extensions..js (internal/modules/cjs/loader.js:1114:10)
    at Object.newLoader [as .js] (/home/bruno/Desktop/Portfilio/backend/node_modules/pirates/lib/index.js:104:7)
    at Module.load (internal/modules/cjs/loader.js:950:32)
2021-07-14 16:44:29 error: uncaughtException: listen EADDRINUSE: address already in use :::8001
Error: listen EADDRINUSE: address already in use :::8001
    at Server.setupListenHandle [as _listen2] (net.js:1320:16)
    at listenInCluster (net.js:1368:12)
    at Server.listen (net.js:1454:7)
    at Function.listen (/home/bruno/Desktop/Portfilio/backend/node_modules/express/lib/application.js:618:24)
    at Object.<anonymous> (/home/bruno/Desktop/Portfilio/backend/src/index.js:23:5)
    at Module._compile (internal/modules/cjs/loader.js:1085:14)
    at Module._compile (/home/bruno/Desktop/Portfilio/backend/node_modules/pirates/lib/index.js:99:24)
    at Module._extensions..js (internal/modules/cjs/loader.js:1114:10)
    at Object.newLoader [as .js] (/home/bruno/Desktop/Portfilio/backend/node_modules/pirates/lib/index.js:104:7)
    at Module.load (internal/modules/cjs/loader.js:950:32)
2021-07-14 16:44:29 error: uncaughtException: listen EADDRINUSE: address already in use :::8001
Error: listen EADDRINUSE: address already in use :::8001
    at Server.setupListenHandle [as _listen2] (net.js:1320:16)
    at listenInCluster (net.js:1368:12)
    at Server.listen (net.js:1454:7)
    at Function.listen (/home/bruno/Desktop/Portfilio/backend/node_modules/express/lib/application.js:618:24)
    at Object.<anonymous> (/home/bruno/Desktop/Portfilio/backend/src/index.js:23:5)
    at Module._compile (internal/modules/cjs/loader.js:1085:14)
    at Module._compile (/home/bruno/Desktop/Portfilio/backend/node_modules/pirates/lib/index.js:99:24)
    at Module._extensions..js (internal/modules/cjs/loader.js:1114:10)
    at Object.newLoader [as .js] (/home/bruno/Desktop/Portfilio/backend/node_modules/pirates/lib/index.js:104:7)
    at Module.load (internal/modules/cjs/loader.js:950:32)
2021-07-14 16:44:36 error: uncaughtException: listen EADDRINUSE: address already in use :::8001
Error: listen EADDRINUSE: address already in use :::8001
    at Server.setupListenHandle [as _listen2] (net.js:1320:16)
    at listenInCluster (net.js:1368:12)
    at Server.listen (net.js:1454:7)
    at Function.listen (/home/bruno/Desktop/Portfilio/backend/node_modules/express/lib/application.js:618:24)
    at Object.<anonymous> (/home/bruno/Desktop/Portfilio/backend/src/index.js:23:5)
    at Module._compile (internal/modules/cjs/loader.js:1085:14)
    at Module._compile (/home/bruno/Desktop/Portfilio/backend/node_modules/pirates/lib/index.js:99:24)
    at Module._extensions..js (internal/modules/cjs/loader.js:1114:10)
    at Object.newLoader [as .js] (/home/bruno/Desktop/Portfilio/backend/node_modules/pirates/lib/index.js:104:7)
    at Module.load (internal/modules/cjs/loader.js:950:32)
2021-07-14 16:44:36 error: uncaughtException: listen EADDRINUSE: address already in use :::8001
Error: listen EADDRINUSE: address already in use :::8001
    at Server.setupListenHandle [as _listen2] (net.js:1320:16)
    at listenInCluster (net.js:1368:12)
    at Server.listen (net.js:1454:7)
    at Function.listen (/home/bruno/Desktop/Portfilio/backend/node_modules/express/lib/application.js:618:24)
    at Object.<anonymous> (/home/bruno/Desktop/Portfilio/backend/src/index.js:23:5)
    at Module._compile (internal/modules/cjs/loader.js:1085:14)
    at Module._compile (/home/bruno/Desktop/Portfilio/backend/node_modules/pirates/lib/index.js:99:24)
    at Module._extensions..js (internal/modules/cjs/loader.js:1114:10)
    at Object.newLoader [as .js] (/home/bruno/Desktop/Portfilio/backend/node_modules/pirates/lib/index.js:104:7)
    at Module.load (internal/modules/cjs/loader.js:950:32)
2021-07-14 16:46:32 error: uncaughtException: listen EADDRINUSE: address already in use :::8001
Error: listen EADDRINUSE: address already in use :::8001
    at Server.setupListenHandle [as _listen2] (net.js:1320:16)
    at listenInCluster (net.js:1368:12)
    at Server.listen (net.js:1454:7)
    at Function.listen (/home/bruno/Desktop/Portfilio/backend/node_modules/express/lib/application.js:618:24)
    at Object.<anonymous> (/home/bruno/Desktop/Portfilio/backend/src/index.js:23:5)
    at Module._compile (internal/modules/cjs/loader.js:1085:14)
    at Module._compile (/home/bruno/Desktop/Portfilio/backend/node_modules/pirates/lib/index.js:99:24)
    at Module._extensions..js (internal/modules/cjs/loader.js:1114:10)
    at Object.newLoader [as .js] (/home/bruno/Desktop/Portfilio/backend/node_modules/pirates/lib/index.js:104:7)
    at Module.load (internal/modules/cjs/loader.js:950:32)
2021-07-14 16:46:32 error: uncaughtException: listen EADDRINUSE: address already in use :::8001
Error: listen EADDRINUSE: address already in use :::8001
    at Server.setupListenHandle [as _listen2] (net.js:1320:16)
    at listenInCluster (net.js:1368:12)
    at Server.listen (net.js:1454:7)
    at Function.listen (/home/bruno/Desktop/Portfilio/backend/node_modules/express/lib/application.js:618:24)
    at Object.<anonymous> (/home/bruno/Desktop/Portfilio/backend/src/index.js:23:5)
    at Module._compile (internal/modules/cjs/loader.js:1085:14)
    at Module._compile (/home/bruno/Desktop/Portfilio/backend/node_modules/pirates/lib/index.js:99:24)
    at Module._extensions..js (internal/modules/cjs/loader.js:1114:10)
    at Object.newLoader [as .js] (/home/bruno/Desktop/Portfilio/backend/node_modules/pirates/lib/index.js:104:7)
    at Module.load (internal/modules/cjs/loader.js:950:32)
2021-07-14 16:46:38 error: uncaughtException: listen EADDRINUSE: address already in use :::8001
Error: listen EADDRINUSE: address already in use :::8001
    at Server.setupListenHandle [as _listen2] (net.js:1320:16)
    at listenInCluster (net.js:1368:12)
    at Server.listen (net.js:1454:7)
    at Function.listen (/home/bruno/Desktop/Portfilio/backend/node_modules/express/lib/application.js:618:24)
    at Object.<anonymous> (/home/bruno/Desktop/Portfilio/backend/src/index.js:23:5)
    at Module._compile (internal/modules/cjs/loader.js:1085:14)
    at Module._compile (/home/bruno/Desktop/Portfilio/backend/node_modules/pirates/lib/index.js:99:24)
    at Module._extensions..js (internal/modules/cjs/loader.js:1114:10)
    at Object.newLoader [as .js] (/home/bruno/Desktop/Portfilio/backend/node_modules/pirates/lib/index.js:104:7)
    at Module.load (internal/modules/cjs/loader.js:950:32)
2021-07-14 16:46:38 error: uncaughtException: listen EADDRINUSE: address already in use :::8001
Error: listen EADDRINUSE: address already in use :::8001
    at Server.setupListenHandle [as _listen2] (net.js:1320:16)
    at listenInCluster (net.js:1368:12)
    at Server.listen (net.js:1454:7)
    at Function.listen (/home/bruno/Desktop/Portfilio/backend/node_modules/express/lib/application.js:618:24)
    at Object.<anonymous> (/home/bruno/Desktop/Portfilio/backend/src/index.js:23:5)
    at Module._compile (internal/modules/cjs/loader.js:1085:14)
    at Module._compile (/home/bruno/Desktop/Portfilio/backend/node_modules/pirates/lib/index.js:99:24)
    at Module._extensions..js (internal/modules/cjs/loader.js:1114:10)
    at Object.newLoader [as .js] (/home/bruno/Desktop/Portfilio/backend/node_modules/pirates/lib/index.js:104:7)
    at Module.load (internal/modules/cjs/loader.js:950:32)
2021-07-14 16:46:41 error: uncaughtException: listen EADDRINUSE: address already in use :::8001
Error: listen EADDRINUSE: address already in use :::8001
    at Server.setupListenHandle [as _listen2] (net.js:1320:16)
    at listenInCluster (net.js:1368:12)
    at Server.listen (net.js:1454:7)
    at Function.listen (/home/bruno/Desktop/Portfilio/backend/node_modules/express/lib/application.js:618:24)
    at Object.<anonymous> (/home/bruno/Desktop/Portfilio/backend/src/index.js:23:5)
    at Module._compile (internal/modules/cjs/loader.js:1085:14)
    at Module._compile (/home/bruno/Desktop/Portfilio/backend/node_modules/pirates/lib/index.js:99:24)
    at Module._extensions..js (internal/modules/cjs/loader.js:1114:10)
    at Object.newLoader [as .js] (/home/bruno/Desktop/Portfilio/backend/node_modules/pirates/lib/index.js:104:7)
    at Module.load (internal/modules/cjs/loader.js:950:32)
2021-07-14 16:46:41 error: uncaughtException: listen EADDRINUSE: address already in use :::8001
Error: listen EADDRINUSE: address already in use :::8001
    at Server.setupListenHandle [as _listen2] (net.js:1320:16)
    at listenInCluster (net.js:1368:12)
    at Server.listen (net.js:1454:7)
    at Function.listen (/home/bruno/Desktop/Portfilio/backend/node_modules/express/lib/application.js:618:24)
    at Object.<anonymous> (/home/bruno/Desktop/Portfilio/backend/src/index.js:23:5)
    at Module._compile (internal/modules/cjs/loader.js:1085:14)
    at Module._compile (/home/bruno/Desktop/Portfilio/backend/node_modules/pirates/lib/index.js:99:24)
    at Module._extensions..js (internal/modules/cjs/loader.js:1114:10)
    at Object.newLoader [as .js] (/home/bruno/Desktop/Portfilio/backend/node_modules/pirates/lib/index.js:104:7)
    at Module.load (internal/modules/cjs/loader.js:950:32)
2021-07-14 17:30:21 error: uncaughtException: listen EADDRINUSE: address already in use :::8002
Error: listen EADDRINUSE: address already in use :::8002
    at Server.setupListenHandle [as _listen2] (net.js:1320:16)
    at listenInCluster (net.js:1368:12)
    at Server.listen (net.js:1454:7)
    at Function.listen (/home/bruno/Desktop/Portfilio/backend/node_modules/express/lib/application.js:618:24)
    at Object.<anonymous> (/home/bruno/Desktop/Portfilio/backend/src/index.js:23:5)
    at Module._compile (internal/modules/cjs/loader.js:1085:14)
    at Module._compile (/home/bruno/Desktop/Portfilio/backend/node_modules/pirates/lib/index.js:99:24)
    at Module._extensions..js (internal/modules/cjs/loader.js:1114:10)
    at Object.newLoader [as .js] (/home/bruno/Desktop/Portfilio/backend/node_modules/pirates/lib/index.js:104:7)
    at Module.load (internal/modules/cjs/loader.js:950:32)
2021-07-14 17:30:21 error: uncaughtException: listen EADDRINUSE: address already in use :::8002
Error: listen EADDRINUSE: address already in use :::8002
    at Server.setupListenHandle [as _listen2] (net.js:1320:16)
    at listenInCluster (net.js:1368:12)
    at Server.listen (net.js:1454:7)
    at Function.listen (/home/bruno/Desktop/Portfilio/backend/node_modules/express/lib/application.js:618:24)
    at Object.<anonymous> (/home/bruno/Desktop/Portfilio/backend/src/index.js:23:5)
    at Module._compile (internal/modules/cjs/loader.js:1085:14)
    at Module._compile (/home/bruno/Desktop/Portfilio/backend/node_modules/pirates/lib/index.js:99:24)
    at Module._extensions..js (internal/modules/cjs/loader.js:1114:10)
    at Object.newLoader [as .js] (/home/bruno/Desktop/Portfilio/backend/node_modules/pirates/lib/index.js:104:7)
    at Module.load (internal/modules/cjs/loader.js:950:32)
2021-07-14 17:35:59 error: uncaughtException: listen EADDRINUSE: address already in use :::8002
Error: listen EADDRINUSE: address already in use :::8002
    at Server.setupListenHandle [as _listen2] (net.js:1320:16)
    at listenInCluster (net.js:1368:12)
    at Server.listen (net.js:1454:7)
    at Function.listen (/home/bruno/Desktop/Portfilio/backend/node_modules/express/lib/application.js:618:24)
    at Object.<anonymous> (/home/bruno/Desktop/Portfilio/backend/src/index.js:23:5)
    at Module._compile (internal/modules/cjs/loader.js:1085:14)
    at Module._compile (/home/bruno/Desktop/Portfilio/backend/node_modules/pirates/lib/index.js:99:24)
    at Module._extensions..js (internal/modules/cjs/loader.js:1114:10)
    at Object.newLoader [as .js] (/home/bruno/Desktop/Portfilio/backend/node_modules/pirates/lib/index.js:104:7)
    at Module.load (internal/modules/cjs/loader.js:950:32)
2021-07-14 17:35:59 error: uncaughtException: listen EADDRINUSE: address already in use :::8002
Error: listen EADDRINUSE: address already in use :::8002
    at Server.setupListenHandle [as _listen2] (net.js:1320:16)
    at listenInCluster (net.js:1368:12)
    at Server.listen (net.js:1454:7)
    at Function.listen (/home/bruno/Desktop/Portfilio/backend/node_modules/express/lib/application.js:618:24)
    at Object.<anonymous> (/home/bruno/Desktop/Portfilio/backend/src/index.js:23:5)
    at Module._compile (internal/modules/cjs/loader.js:1085:14)
    at Module._compile (/home/bruno/Desktop/Portfilio/backend/node_modules/pirates/lib/index.js:99:24)
    at Module._extensions..js (internal/modules/cjs/loader.js:1114:10)
    at Object.newLoader [as .js] (/home/bruno/Desktop/Portfilio/backend/node_modules/pirates/lib/index.js:104:7)
    at Module.load (internal/modules/cjs/loader.js:950:32)
2021-07-14 17:35:59 error: uncaughtException: listen EADDRINUSE: address already in use :::8002
Error: listen EADDRINUSE: address already in use :::8002
    at Server.setupListenHandle [as _listen2] (net.js:1320:16)
    at listenInCluster (net.js:1368:12)
    at Server.listen (net.js:1454:7)
    at Function.listen (/home/bruno/Desktop/Portfilio/backend/node_modules/express/lib/application.js:618:24)
    at Object.<anonymous> (/home/bruno/Desktop/Portfilio/backend/src/index.js:23:5)
    at Module._compile (internal/modules/cjs/loader.js:1085:14)
    at Module._compile (/home/bruno/Desktop/Portfilio/backend/node_modules/pirates/lib/index.js:99:24)
    at Module._extensions..js (internal/modules/cjs/loader.js:1114:10)
    at Object.newLoader [as .js] (/home/bruno/Desktop/Portfilio/backend/node_modules/pirates/lib/index.js:104:7)
    at Module.load (internal/modules/cjs/loader.js:950:32)
2021-07-14 17:35:59 error: uncaughtException: listen EADDRINUSE: address already in use :::8002
Error: listen EADDRINUSE: address already in use :::8002
    at Server.setupListenHandle [as _listen2] (net.js:1320:16)
    at listenInCluster (net.js:1368:12)
    at Server.listen (net.js:1454:7)
    at Function.listen (/home/bruno/Desktop/Portfilio/backend/node_modules/express/lib/application.js:618:24)
    at Object.<anonymous> (/home/bruno/Desktop/Portfilio/backend/src/index.js:23:5)
    at Module._compile (internal/modules/cjs/loader.js:1085:14)
    at Module._compile (/home/bruno/Desktop/Portfilio/backend/node_modules/pirates/lib/index.js:99:24)
    at Module._extensions..js (internal/modules/cjs/loader.js:1114:10)
    at Object.newLoader [as .js] (/home/bruno/Desktop/Portfilio/backend/node_modules/pirates/lib/index.js:104:7)
    at Module.load (internal/modules/cjs/loader.js:950:32)
2021-07-14 17:36:01 error: uncaughtException: listen EADDRINUSE: address already in use :::8002
Error: listen EADDRINUSE: address already in use :::8002
    at Server.setupListenHandle [as _listen2] (net.js:1320:16)
    at listenInCluster (net.js:1368:12)
    at Server.listen (net.js:1454:7)
    at Function.listen (/home/bruno/Desktop/Portfilio/backend/node_modules/express/lib/application.js:618:24)
    at Object.<anonymous> (/home/bruno/Desktop/Portfilio/backend/src/index.js:23:5)
    at Module._compile (internal/modules/cjs/loader.js:1085:14)
    at Module._compile (/home/bruno/Desktop/Portfilio/backend/node_modules/pirates/lib/index.js:99:24)
    at Module._extensions..js (internal/modules/cjs/loader.js:1114:10)
    at Object.newLoader [as .js] (/home/bruno/Desktop/Portfilio/backend/node_modules/pirates/lib/index.js:104:7)
    at Module.load (internal/modules/cjs/loader.js:950:32)
2021-07-14 17:36:01 error: uncaughtException: listen EADDRINUSE: address already in use :::8002
Error: listen EADDRINUSE: address already in use :::8002
    at Server.setupListenHandle [as _listen2] (net.js:1320:16)
    at listenInCluster (net.js:1368:12)
    at Server.listen (net.js:1454:7)
    at Function.listen (/home/bruno/Desktop/Portfilio/backend/node_modules/express/lib/application.js:618:24)
    at Object.<anonymous> (/home/bruno/Desktop/Portfilio/backend/src/index.js:23:5)
    at Module._compile (internal/modules/cjs/loader.js:1085:14)
    at Module._compile (/home/bruno/Desktop/Portfilio/backend/node_modules/pirates/lib/index.js:99:24)
    at Module._extensions..js (internal/modules/cjs/loader.js:1114:10)
    at Object.newLoader [as .js] (/home/bruno/Desktop/Portfilio/backend/node_modules/pirates/lib/index.js:104:7)
    at Module.load (internal/modules/cjs/loader.js:950:32)
2021-07-14 17:50:47 error: uncaughtException: listen EADDRINUSE: address already in use :::8002
Error: listen EADDRINUSE: address already in use :::8002
    at Server.setupListenHandle [as _listen2] (net.js:1320:16)
    at listenInCluster (net.js:1368:12)
    at Server.listen (net.js:1454:7)
    at Function.listen (/home/bruno/Desktop/Portfilio/backend/node_modules/express/lib/application.js:618:24)
    at Object.<anonymous> (/home/bruno/Desktop/Portfilio/backend/src/index.js:23:5)
    at Module._compile (internal/modules/cjs/loader.js:1085:14)
    at Module._compile (/home/bruno/Desktop/Portfilio/backend/node_modules/pirates/lib/index.js:99:24)
    at Module._extensions..js (internal/modules/cjs/loader.js:1114:10)
    at Object.newLoader [as .js] (/home/bruno/Desktop/Portfilio/backend/node_modules/pirates/lib/index.js:104:7)
    at Module.load (internal/modules/cjs/loader.js:950:32)
2021-07-14 17:50:47 error: uncaughtException: listen EADDRINUSE: address already in use :::8002
Error: listen EADDRINUSE: address already in use :::8002
    at Server.setupListenHandle [as _listen2] (net.js:1320:16)
    at listenInCluster (net.js:1368:12)
    at Server.listen (net.js:1454:7)
    at Function.listen (/home/bruno/Desktop/Portfilio/backend/node_modules/express/lib/application.js:618:24)
    at Object.<anonymous> (/home/bruno/Desktop/Portfilio/backend/src/index.js:23:5)
    at Module._compile (internal/modules/cjs/loader.js:1085:14)
    at Module._compile (/home/bruno/Desktop/Portfilio/backend/node_modules/pirates/lib/index.js:99:24)
    at Module._extensions..js (internal/modules/cjs/loader.js:1114:10)
    at Object.newLoader [as .js] (/home/bruno/Desktop/Portfilio/backend/node_modules/pirates/lib/index.js:104:7)
    at Module.load (internal/modules/cjs/loader.js:950:32)
2021-07-14 17:53:07 error: uncaughtException: listen EADDRINUSE: address already in use :::8000
Error: listen EADDRINUSE: address already in use :::8000
    at Server.setupListenHandle [as _listen2] (net.js:1320:16)
    at listenInCluster (net.js:1368:12)
    at Server.listen (net.js:1454:7)
    at Function.listen (/home/bruno/Desktop/Portfilio/backend/node_modules/express/lib/application.js:618:24)
    at Object.<anonymous> (/home/bruno/Desktop/Portfilio/backend/src/index.js:23:5)
    at Module._compile (internal/modules/cjs/loader.js:1085:14)
    at Module._compile (/home/bruno/Desktop/Portfilio/backend/node_modules/pirates/lib/index.js:99:24)
    at Module._extensions..js (internal/modules/cjs/loader.js:1114:10)
    at Object.newLoader [as .js] (/home/bruno/Desktop/Portfilio/backend/node_modules/pirates/lib/index.js:104:7)
    at Module.load (internal/modules/cjs/loader.js:950:32)
2021-07-14 17:53:07 error: uncaughtException: listen EADDRINUSE: address already in use :::8000
Error: listen EADDRINUSE: address already in use :::8000
    at Server.setupListenHandle [as _listen2] (net.js:1320:16)
    at listenInCluster (net.js:1368:12)
    at Server.listen (net.js:1454:7)
    at Function.listen (/home/bruno/Desktop/Portfilio/backend/node_modules/express/lib/application.js:618:24)
    at Object.<anonymous> (/home/bruno/Desktop/Portfilio/backend/src/index.js:23:5)
    at Module._compile (internal/modules/cjs/loader.js:1085:14)
    at Module._compile (/home/bruno/Desktop/Portfilio/backend/node_modules/pirates/lib/index.js:99:24)
    at Module._extensions..js (internal/modules/cjs/loader.js:1114:10)
    at Object.newLoader [as .js] (/home/bruno/Desktop/Portfilio/backend/node_modules/pirates/lib/index.js:104:7)
    at Module.load (internal/modules/cjs/loader.js:950:32)
2021-07-16 11:01:07 error: uncaughtException: listen EADDRINUSE: address already in use :::8001
Error: listen EADDRINUSE: address already in use :::8001
    at Server.setupListenHandle [as _listen2] (net.js:1320:16)
    at listenInCluster (net.js:1368:12)
    at Server.listen (net.js:1454:7)
    at Function.listen (/home/bruno/Desktop/Portfilio/backend/node_modules/express/lib/application.js:618:24)
    at Object.<anonymous> (/home/bruno/Desktop/Portfilio/backend/src/index.js:23:5)
    at Module._compile (internal/modules/cjs/loader.js:1085:14)
    at Module._compile (/home/bruno/Desktop/Portfilio/backend/node_modules/pirates/lib/index.js:99:24)
    at Module._extensions..js (internal/modules/cjs/loader.js:1114:10)
    at Object.newLoader [as .js] (/home/bruno/Desktop/Portfilio/backend/node_modules/pirates/lib/index.js:104:7)
    at Module.load (internal/modules/cjs/loader.js:950:32)
2021-07-16 11:01:07 error: uncaughtException: listen EADDRINUSE: address already in use :::8001
Error: listen EADDRINUSE: address already in use :::8001
    at Server.setupListenHandle [as _listen2] (net.js:1320:16)
    at listenInCluster (net.js:1368:12)
    at Server.listen (net.js:1454:7)
    at Function.listen (/home/bruno/Desktop/Portfilio/backend/node_modules/express/lib/application.js:618:24)
    at Object.<anonymous> (/home/bruno/Desktop/Portfilio/backend/src/index.js:23:5)
    at Module._compile (internal/modules/cjs/loader.js:1085:14)
    at Module._compile (/home/bruno/Desktop/Portfilio/backend/node_modules/pirates/lib/index.js:99:24)
    at Module._extensions..js (internal/modules/cjs/loader.js:1114:10)
    at Object.newLoader [as .js] (/home/bruno/Desktop/Portfilio/backend/node_modules/pirates/lib/index.js:104:7)
    at Module.load (internal/modules/cjs/loader.js:950:32)
